<?xml version="1.0" encoding="UTF-8"?>
<!-- Generated by org.testng.reporters.JUnitReportReporter -->
<testsuite hostname="MINDTRACKERS" failures="0" tests="2" name="com.project.runner.TestRunner" time="46.767" errors="0" timestamp="2024-10-03T20:23:17 IST" skipped="0">
  <testcase classname="com.project.runner.TestRunner" name="runScenario" time="33.819"/>
  <system-out/>
  <testcase classname="com.project.runner.TestRunner" name="runScenario" time="12.948"/>
  <system-out/>
</testsuite> <!-- com.project.runner.TestRunner -->
